<?xml version="1.0" encoding="UTF-8"?>
<testsuite xmlns:xsi="http://www.w3.org/2001/XMLSchema-instance" xsi:noNamespaceSchemaLocation="https://maven.apache.org/surefire/maven-surefire-plugin/xsd/surefire-test-report-3.0.xsd" version="3.0" name="com.automation.runner.TestRunner" time="17.934" tests="7" errors="0" skipped="0" failures="0">
  <properties>
[...]
</properties>
  <testcase name="Verify user can create token scenario #1" classname="Validate create token" time="4.043">
    <system-out><![CDATA[Request method:	POST
Request URI:	https://restful-booker.herokuapp.com/auth
Proxy:			<none>
Request params:	<none>
Query params:	<none>
Form params:	<none>
Path params:	<none>
Headers:		Accept=*/*
				Content-Type=application/json
Cookies:		<none>
Multiparts:		<none>
Body:
{
    "username": "admin",
    "password": "admin123"
}
HTTP/1.1 200 OK
Server: Cowboy
Report-To: {"group":"heroku-nel","max_age":3600,"endpoints":[{"url":"https://nel.heroku.com/reports?ts=1722511422&sid=c46efe9b-d3d2-4a0c-8c76-bfafa16c5add&s=IgQgEUGFkRG2RLPKf2qwqB8gepj0gdGfl%2FU0fDG1QAw%3D"}]}
Reporting-Endpoints: heroku-nel=https://nel.heroku.com/reports?ts=1722511422&sid=c46efe9b-d3d2-4a0c-8c76-bfafa16c5add&s=IgQgEUGFkRG2RLPKf2qwqB8gepj0gdGfl%2FU0fDG1QAw%3D
Nel: {"report_to":"heroku-nel","max_age":3600,"success_fraction":0.005,"failure_fraction":0.05,"response_headers":["Via"]}
Connection: keep-alive
X-Powered-By: Express
Content-Type: application/json; charset=utf-8
Content-Length: 28
Etag: W/"1c-J3EiwfZwVQjKTKvpvazUfTni8fI"
Date: Thu, 01 Aug 2024 11:23:42 GMT
Via: 1.1 vegur

{
    "reason": "Bad credentials"
}
]]></system-out>
  </testcase>
  <testcase name="Verify user can create token scenario #2" classname="Validate create token" time="1.391">
    <system-out><![CDATA[Request method:	POST
Request URI:	https://restful-booker.herokuapp.com/auth
Proxy:			<none>
Request params:	<none>
Query params:	<none>
Form params:	<none>
Path params:	<none>
Headers:		Accept=*/*
				Content-Type=application/json
Cookies:		<none>
Multiparts:		<none>
Body:
{
    "username": "Admin",
    "password": "admin"
}
HTTP/1.1 200 OK
Server: Cowboy
Report-To: {"group":"heroku-nel","max_age":3600,"endpoints":[{"url":"https://nel.heroku.com/reports?ts=1722511424&sid=c46efe9b-d3d2-4a0c-8c76-bfafa16c5add&s=i1EgOQE1KV3FN8qErLMi0I6YT8GA6jL2uJd433o%2FSck%3D"}]}
Reporting-Endpoints: heroku-nel=https://nel.heroku.com/reports?ts=1722511424&sid=c46efe9b-d3d2-4a0c-8c76-bfafa16c5add&s=i1EgOQE1KV3FN8qErLMi0I6YT8GA6jL2uJd433o%2FSck%3D
Nel: {"report_to":"heroku-nel","max_age":3600,"success_fraction":0.005,"failure_fraction":0.05,"response_headers":["Via"]}
Connection: keep-alive
X-Powered-By: Express
Content-Type: application/json; charset=utf-8
Content-Length: 28
Etag: W/"1c-J3EiwfZwVQjKTKvpvazUfTni8fI"
Date: Thu, 01 Aug 2024 11:23:44 GMT
Via: 1.1 vegur

{
    "reason": "Bad credentials"
}
]]></system-out>
  </testcase>
  <testcase name="Verify user can create token scenario #3" classname="Validate create token" time="1.329">
    <system-out><![CDATA[Request method:	POST
Request URI:	https://restful-booker.herokuapp.com/auth
Proxy:			<none>
Request params:	<none>
Query params:	<none>
Form params:	<none>
Path params:	<none>
Headers:		Accept=*/*
				Content-Type=application/json
Cookies:		<none>
Multiparts:		<none>
Body:
{
    "username": "admin1",
    "password": "admin1"
}
HTTP/1.1 200 OK
Server: Cowboy
Report-To: {"group":"heroku-nel","max_age":3600,"endpoints":[{"url":"https://nel.heroku.com/reports?ts=1722511426&sid=c46efe9b-d3d2-4a0c-8c76-bfafa16c5add&s=ZoWWLqBWMWrdl2JlPv%2Fh9zkbZnf6JLEQxOxJyWFBZGk%3D"}]}
Reporting-Endpoints: heroku-nel=https://nel.heroku.com/reports?ts=1722511426&sid=c46efe9b-d3d2-4a0c-8c76-bfafa16c5add&s=ZoWWLqBWMWrdl2JlPv%2Fh9zkbZnf6JLEQxOxJyWFBZGk%3D
Nel: {"report_to":"heroku-nel","max_age":3600,"success_fraction":0.005,"failure_fraction":0.05,"response_headers":["Via"]}
Connection: keep-alive
X-Powered-By: Express
Content-Type: application/json; charset=utf-8
Content-Length: 28
Etag: W/"1c-J3EiwfZwVQjKTKvpvazUfTni8fI"
Date: Thu, 01 Aug 2024 11:23:46 GMT
Via: 1.1 vegur

{
    "reason": "Bad credentials"
}
]]></system-out>
  </testcase>
  <testcase name="Verify user can create booking" classname="Validate create booking end point" time="1.177">
    <system-out><![CDATA[Request method:	POST
Request URI:	https://restful-booker.herokuapp.com/booking
Proxy:			<none>
Request params:	<none>
Query params:	<none>
Form params:	<none>
Path params:	<none>
Headers:		Accept=*/*
				Content-Type=application/json
Cookies:		<none>
Multiparts:		<none>
Body:
{
    "firstname": "demo",
    "lastname": "testing",
    "totalprice": 600,
    "depositpaid": true,
    "bookingdates": {
        "checkin": "2018-01-01",
        "checkout": "2019-01-01"
    },
    "additionalneeds": "Brunch"
}
HTTP/1.1 200 OK
Server: Cowboy
Report-To: {"group":"heroku-nel","max_age":3600,"endpoints":[{"url":"https://nel.heroku.com/reports?ts=1722511427&sid=c46efe9b-d3d2-4a0c-8c76-bfafa16c5add&s=hW4ef25nBJ%2FnCxLSa4vLddvOO2%2FA8rHq0AsMN7paS50%3D"}]}
Reporting-Endpoints: heroku-nel=https://nel.heroku.com/reports?ts=1722511427&sid=c46efe9b-d3d2-4a0c-8c76-bfafa16c5add&s=hW4ef25nBJ%2FnCxLSa4vLddvOO2%2FA8rHq0AsMN7paS50%3D
Nel: {"report_to":"heroku-nel","max_age":3600,"success_fraction":0.005,"failure_fraction":0.05,"response_headers":["Via"]}
Connection: keep-alive
X-Powered-By: Express
Content-Type: application/json; charset=utf-8
Content-Length: 197
Etag: W/"c5-+y8bq+F+tozhX1R6VGPC4UcksHA"
Date: Thu, 01 Aug 2024 11:23:47 GMT
Via: 1.1 vegur

{
    "bookingid": 1176,
    "booking": {
        "firstname": "demo",
        "lastname": "testing",
        "totalprice": 600,
        "depositpaid": true,
        "bookingdates": {
            "checkin": "2018-01-01",
            "checkout": "2019-01-01"
        },
        "additionalneeds": "Brunch"
    }
}
]]></system-out>
  </testcase>
  <testcase name="Verify user can get booking" classname="Validate create booking end point" time="1.423">
    <system-out><![CDATA[Request method:	GET
Request URI:	https://restful-booker.herokuapp.com/booking
Proxy:			<none>
Request params:	<none>
Query params:	<none>
Form params:	<none>
Path params:	<none>
Headers:		Accept=*/*
				Content-Type=application/json
Cookies:		<none>
Multiparts:		<none>
Body:
{
    "firstname": "demo",
    "lastname": "testing",
    "totalprice": 600,
    "depositpaid": true,
    "bookingdates": {
        "checkin": "2018-01-01",
        "checkout": "2019-01-01"
    },
    "additionalneeds": "Brunch"
}
HTTP/1.1 200 OK
Server: Cowboy
Report-To: {"group":"heroku-nel","max_age":3600,"endpoints":[{"url":"https://nel.heroku.com/reports?ts=1722511428&sid=c46efe9b-d3d2-4a0c-8c76-bfafa16c5add&s=Gx5VZLHfT0VhLU08c4S%2BsoOtL8bMyvUhDmbtCOYPAf8%3D"}]}
Reporting-Endpoints: heroku-nel=https://nel.heroku.com/reports?ts=1722511428&sid=c46efe9b-d3d2-4a0c-8c76-bfafa16c5add&s=Gx5VZLHfT0VhLU08c4S%2BsoOtL8bMyvUhDmbtCOYPAf8%3D
Nel: {"report_to":"heroku-nel","max_age":3600,"success_fraction":0.005,"failure_fraction":0.05,"response_headers":["Via"]}
Connection: keep-alive
X-Powered-By: Express
Content-Type: application/json; charset=utf-8
Content-Length: 14849
Etag: W/"3a01-mwDWY9mSBOLQA0am7RAyAeQwxrk"
Date: Thu, 01 Aug 2024 11:23:48 GMT
Via: 1.1 vegur

[
    {
        "bookingid": 1160
    },
    {
        "bookingid": 20
    },
    {
        "bookingid": 652
    },
    {
        "bookingid": 860
    },
    {
        "bookingid": 441
    },
    {
        "bookingid": 414
    },
    {
        "bookingid": 621
    },
    {
        "bookingid": 563
    },
    {
        "bookingid": 573
    },
    {
        "bookingid": 510
    },
    {
        "bookingid": 135
    },
    {
        "bookingid": 565
    },
    {
        "bookingid": 586
    },
    {
        "bookingid": 367
    },
    {
        "bookingid": 294
    },
    {
        "bookingid": 204
    },
    {
        "bookingid": 451
    },
    {
        "bookingid": 354
    },
    {
        "bookingid": 935
    },
    {
        "bookingid": 680
    },
    {
        "bookingid": 1171
    },
    {
        "bookingid": 455
    },
    {
        "bookingid": 56
    },
    {
        "bookingid": 173
    },
    {
        "bookingid": 1014
    },
    {
        "bookingid": 7
    },
    {
        "bookingid": 932
    },
    {
        "bookingid": 922
    },
    {
        "bookingid": 1117
    },
    {
        "bookingid": 214
    },
    {
        "bookingid": 241
    },
    {
        "bookingid": 364
    },
    {
        "bookingid": 710
    },
    {
        "bookingid": 640
    },
    {
        "bookingid": 351
    },
    {
        "bookingid": 1143
    },
    {
        "bookingid": 330
    },
    {
        "bookingid": 654
    },
    {
        "bookingid": 642
    },
    {
        "bookingid": 1043
    },
    {
        "bookingid": 5
    },
    {
        "bookingid": 1028
    },
    {
        "bookingid": 273
    },
    {
        "bookingid": 464
    },
    {
        "bookingid": 43
    },
    {
        "bookingid": 323
    },
    {
        "bookingid": 80
    },
    {
        "bookingid": 543
    },
    {
        "bookingid": 337
    },
    {
        "bookingid": 83
    },
    {
        "bookingid": 910
    },
    {
        "bookingid": 341
    },
    {
        "bookingid": 232
    },
    {
        "bookingid": 615
    },
    {
        "bookingid": 783
    },
    {
        "bookingid": 1145
    },
    {
        "bookingid": 791
    },
    {
        "bookingid": 686
    },
    {
        "bookingid": 574
    },
    {
        "bookingid": 966
    },
    {
        "bookingid": 427
    },
    {
        "bookingid": 322
    },
    {
        "bookingid": 1081
    },
    {
        "bookingid": 879
    },
    {
        "bookingid": 808
    },
    {
        "bookingid": 765
    },
    {
        "bookingid": 467
    },
    {
        "bookingid": 195
    },
    {
        "bookingid": 343
    },
    {
        "bookingid": 1153
    },
    {
        "bookingid": 1035
    },
    {
        "bookingid": 319
    },
    {
        "bookingid": 1032
    },
    {
        "bookingid": 1051
    },
    {
        "bookingid": 18
    },
    {
        "bookingid": 1108
    },
    {
        "bookingid": 144
    },
    {
        "bookingid": 1173
    },
    {
        "bookingid": 561
    },
    {
        "bookingid": 243
    },
    {
        "bookingid": 947
    },
    {
        "bookingid": 939
    },
    {
        "bookingid": 899
    },
    {
        "bookingid": 883
    },
    {
        "bookingid": 523
    },
    {
        "bookingid": 1175
    },
    {
        "bookingid": 104
    },
    {
        "bookingid": 129
    },
    {
        "bookingid": 13
    },
    {
        "bookingid": 235
    },
    {
        "bookingid": 328
    },
    {
        "bookingid": 1147
    },
    {
        "bookingid": 384
    },
    {
        "bookingid": 347
    },
    {
        "bookingid": 549
    },
    {
        "bookingid": 42
    },
    {
        "bookingid": 240
    },
    {
        "bookingid": 876
    },
    {
        "bookingid": 694
    },
    {
        "bookingid": 1114
    },
    {
        "bookingid": 470
    },
    {
        "bookingid": 757
    },
    {
        "bookingid": 545
    },
    {
        "bookingid": 1138
    },
    {
        "bookingid": 1123
    },
    {
        "bookingid": 157
    },
    {
        "bookingid": 170
    },
    {
        "bookingid": 70
    },
    {
        "bookingid": 669
    },
    {
        "bookingid": 388
    },
    {
        "bookingid": 446
    },
    {
        "bookingid": 1100
    },
    {
        "bookingid": 15
    },
    {
        "bookingid": 4
    },
    {
        "bookingid": 973
    },
    {
        "bookingid": 712
    },
    {
        "bookingid": 363
    },
    {
        "bookingid": 513
    },
    {
        "bookingid": 720
    },
    {
        "bookingid": 279
    },
    {
        "bookingid": 110
    },
    {
        "bookingid": 141
    },
    {
        "bookingid": 665
    },
    {
        "bookingid": 874
    },
    {
        "bookingid": 713
    },
    {
        "bookingid": 308
    },
    {
        "bookingid": 915
    },
    {
        "bookingid": 1128
    },
    {
        "bookingid": 185
    },
    {
        "bookingid": 759
    },
    {
        "bookingid": 396
    },
    {
        "bookingid": 701
    },
    {
        "bookingid": 768
    },
    {
        "bookingid": 65
    },
    {
        "bookingid": 610
    },
    {
        "bookingid": 307
    },
    {
        "bookingid": 122
    },
    {
        "bookingid": 658
    },
    {
        "bookingid": 522
    },
    {
        "bookingid": 445
    },
    {
        "bookingid": 744
    },
    {
        "bookingid": 1004
    },
    {
        "bookingid": 19
    },
    {
        "bookingid": 1007
    },
    {
        "bookingid": 434
    },
    {
        "bookingid": 773
    },
    {
        "bookingid": 499
    },
    {
        "bookingid": 978
    },
    {
        "bookingid": 315
    },
    {
        "bookingid": 255
    },
    {
        "bookingid": 872
    },
    {
        "bookingid": 1097
    },
    {
        "bookingid": 321
    },
    {
        "bookingid": 59
    },
    {
        "bookingid": 975
    },
    {
        "bookingid": 1113
    },
    {
        "bookingid": 1015
    },
    {
        "bookingid": 940
    },
    {
        "bookingid": 10
    },
    {
        "bookingid": 156
    },
    {
        "bookingid": 1008
    },
    {
        "bookingid": 539
    },
    {
        "bookingid": 1073
    },
    {
        "bookingid": 139
    },
    {
        "bookingid": 438
    },
    {
        "bookingid": 917
    },
    {
        "bookingid": 1146
    },
    {
        "bookingid": 985
    },
    {
        "bookingid": 180
    },
    {
        "bookingid": 949
    },
    {
        "bookingid": 714
    },
    {
        "bookingid": 108
    },
    {
        "bookingid": 177
    },
    {
        "bookingid": 979
    },
    {
        "bookingid": 11
    },
    {
        "bookingid": 227
    },
    {
        "bookingid": 189
    },
    {
        "bookingid": 450
    },
    {
        "bookingid": 958
    },
    {
        "bookingid": 1083
    },
    {
        "bookingid": 353
    },
    {
        "bookingid": 781
    },
    {
        "bookingid": 44
    },
    {
        "bookingid": 1024
    },
    {
        "bookingid": 95
    },
    {
        "bookingid": 760
    },
    {
        "bookingid": 1176
    },
    {
        "bookingid": 965
    },
    {
        "bookingid": 828
    },
    {
        "bookingid": 581
    },
    {
        "bookingid": 716
    },
    {
        "bookingid": 248
    },
    {
        "bookingid": 863
    },
    {
        "bookingid": 631
    },
    {
        "bookingid": 373
    },
    {
        "bookingid": 901
    },
    {
        "bookingid": 587
    },
    {
        "bookingid": 497
    },
    {
        "bookingid": 327
    },
    {
        "bookingid": 22
    },
    {
        "bookingid": 548
    },
    {
        "bookingid": 1112
    },
    {
        "bookingid": 61
    },
    {
        "bookingid": 406
    },
    {
        "bookingid": 245
    },
    {
        "bookingid": 668
    },
    {
        "bookingid": 437
    },
    {
        "bookingid": 861
    },
    {
        "bookingid": 155
    },
    {
        "bookingid": 37
    },
    {
        "bookingid": 955
    },
    {
        "bookingid": 489
    },
    {
        "bookingid": 352
    },
    {
        "bookingid": 555
    },
    {
        "bookingid": 585
    },
    {
        "bookingid": 153
    },
    {
        "bookingid": 175
    },
    {
        "bookingid": 325
    },
    {
        "bookingid": 1135
    },
    {
        "bookingid": 125
    },
    {
        "bookingid": 383
    },
    {
        "bookingid": 995
    },
    {
        "bookingid": 1072
    },
    {
        "bookingid": 118
    },
    {
        "bookingid": 1
    },
    {
        "bookingid": 225
    },
    {
        "bookingid": 1090
    },
    {
        "bookingid": 888
    },
    {
        "bookingid": 107
    },
    {
        "bookingid": 290
    },
    {
        "bookingid": 391
    },
    {
        "bookingid": 700
    },
    {
        "bookingid": 812
    },
    {
        "bookingid": 529
    },
    {
        "bookingid": 957
    },
    {
        "bookingid": 600
    },
    {
        "bookingid": 1078
    },
    {
        "bookingid": 263
    },
    {
        "bookingid": 803
    },
    {
        "bookingid": 723
    },
    {
        "bookingid": 284
    },
    {
        "bookingid": 605
    },
    {
        "bookingid": 85
    },
    {
        "bookingid": 602
    },
    {
        "bookingid": 552
    },
    {
        "bookingid": 128
    },
    {
        "bookingid": 501
    },
    {
        "bookingid": 293
    },
    {
        "bookingid": 677
    },
    {
        "bookingid": 260
    },
    {
        "bookingid": 78
    },
    {
        "bookingid": 826
    },
    {
        "bookingid": 66
    },
    {
        "bookingid": 830
    },
    {
        "bookingid": 853
    },
    {
        "bookingid": 928
    },
    {
        "bookingid": 749
    },
    {
        "bookingid": 340
    },
    {
        "bookingid": 550
    },
    {
        "bookingid": 401
    },
    {
        "bookingid": 271
    },
    {
        "bookingid": 933
    },
    {
        "bookingid": 1020
    },
    {
        "bookingid": 1110
    },
    {
        "bookingid": 782
    },
    {
        "bookingid": 817
    },
    {
        "bookingid": 927
    },
    {
        "bookingid": 403
    },
    {
        "bookingid": 9
    },
    {
        "bookingid": 332
    },
    {
        "bookingid": 941
    },
    {
        "bookingid": 160
    },
    {
        "bookingid": 530
    },
    {
        "bookingid": 344
    },
    {
        "bookingid": 404
    },
    {
        "bookingid": 301
    },
    {
        "bookingid": 424
    },
    {
        "bookingid": 931
    },
    {
        "bookingid": 774
    },
    {
        "bookingid": 1116
    },
    {
        "bookingid": 715
    },
    {
        "bookingid": 840
    },
    {
        "bookingid": 188
    },
    {
        "bookingid": 1184
    },
    {
        "bookingid": 629
    },
    {
        "bookingid": 673
    },
    {
        "bookingid": 1133
    },
    {
        "bookingid": 79
    },
    {
        "bookingid": 1101
    },
    {
        "bookingid": 645
    },
    {
        "bookingid": 571
    },
    {
        "bookingid": 909
    },
    {
        "bookingid": 449
    },
    {
        "bookingid": 81
    },
    {
        "bookingid": 97
    },
    {
        "bookingid": 881
    },
    {
        "bookingid": 704
    },
    {
        "bookingid": 147
    },
    {
        "bookingid": 194
    },
    {
        "bookingid": 58
    },
    {
        "bookingid": 472
    },
    {
        "bookingid": 430
    },
    {
        "bookingid": 753
    },
    {
        "bookingid": 1167
    },
    {
        "bookingid": 117
    },
    {
        "bookingid": 1181
    },
    {
        "bookingid": 1155
    },
    {
        "bookingid": 413
    },
    {
        "bookingid": 599
    },
    {
        "bookingid": 238
    },
    {
        "bookingid": 247
    },
    {
        "bookingid": 538
    },
    {
        "bookingid": 667
    },
    {
        "bookingid": 115
    },
    {
        "bookingid": 764
    },
    {
        "bookingid": 952
    },
    {
        "bookingid": 972
    },
    {
        "bookingid": 408
    },
    {
        "bookingid": 127
    },
    {
        "bookingid": 838
    },
    {
        "bookingid": 124
    },
    {
        "bookingid": 924
    },
    {
        "bookingid": 1052
    },
    {
        "bookingid": 33
    },
    {
        "bookingid": 884
    },
    {
        "bookingid": 1019
    },
    {
        "bookingid": 51
    },
    {
        "bookingid": 1094
    },
    {
        "bookingid": 286
    },
    {
        "bookingid": 1119
    },
    {
        "bookingid": 617
    },
    {
        "bookingid": 516
    },
    {
        "bookingid": 197
    },
    {
        "bookingid": 415
    },
    {
        "bookingid": 779
    },
    {
        "bookingid": 725
    },
    {
        "bookingid": 71
    },
    {
        "bookingid": 267
    },
    {
        "bookingid": 996
    },
    {
        "bookingid": 568
    },
    {
        "bookingid": 858
    },
    {
        "bookingid": 41
    },
    {
        "bookingid": 179
    },
    {
        "bookingid": 1084
    },
    {
        "bookingid": 857
    },
    {
        "bookingid": 1102
    },
    {
        "bookingid": 544
    },
    {
        "bookingid": 378
    },
    {
        "bookingid": 262
    },
    {
        "bookingid": 1140
    },
    {
        "bookingid": 473
    },
    {
        "bookingid": 206
    },
    {
        "bookingid": 1069
    },
    {
        "bookingid": 345
    },
    {
        "bookingid": 794
    },
    {
        "bookingid": 736
    },
    {
        "bookingid": 90
    },
    {
        "bookingid": 3
    },
    {
        "bookingid": 282
    },
    {
        "bookingid": 839
    },
    {
        "bookingid": 1067
    },
    {
        "bookingid": 172
    },
    {
        "bookingid": 592
    },
    {
        "bookingid": 1136
    },
    {
        "bookingid": 183
    },
    {
        "bookingid": 234
    },
    {
        "bookingid": 50
    },
    {
        "bookingid": 797
    },
    {
        "bookingid": 211
    },
    {
        "bookingid": 534
    },
    {
        "bookingid": 904
    },
    {
        "bookingid": 850
    },
    {
        "bookingid": 638
    },
    {
        "bookingid": 584
    },
    {
        "bookingid": 203
    },
    {
        "bookingid": 1075
    },
    {
        "bookingid": 207
    },
    {
        "bookingid": 312
    },
    {
        "bookingid": 788
    },
    {
        "bookingid": 485
    },
    {
        "bookingid": 38
    },
    {
        "bookingid": 264
    },
    {
        "bookingid": 687
    },
    {
        "bookingid": 92
    },
    {
        "bookingid": 24
    },
    {
        "bookingid": 570
    },
    {
        "bookingid": 103
    },
    {
        "bookingid": 270
    },
    {
        "bookingid": 1036
    },
    {
        "bookingid": 6
    },
    {
        "bookingid": 895
    },
    {
        "bookingid": 925
    },
    {
        "bookingid": 1088
    },
    {
        "bookingid": 149
    },
    {
        "bookingid": 111
    },
    {
        "bookingid": 483
    },
    {
        "bookingid": 998
    },
    {
        "bookingid": 69
    },
    {
        "bookingid": 200
    },
    {
        "bookingid": 1166
    },
    {
        "bookingid": 88
    },
    {
        "bookingid": 16
    },
    {
        "bookingid": 1074
    },
    {
        "bookingid": 521
    },
    {
        "bookingid": 777
    },
    {
        "bookingid": 676
    },
    {
        "bookingid": 143
    },
    {
        "bookingid": 697
    },
    {
        "bookingid": 453
    },
    {
        "bookingid": 229
    },
    {
        "bookingid": 64
    },
    {
        "bookingid": 17
    },
    {
        "bookingid": 479
    },
    {
        "bookingid": 228
    },
    {
        "bookingid": 748
    },
    {
        "bookingid": 164
    },
    {
        "bookingid": 370
    },
    {
        "bookingid": 28
    },
    {
        "bookingid": 297
    },
    {
        "bookingid": 743
    },
    {
        "bookingid": 1001
    },
    {
        "bookingid": 518
    },
    {
        "bookingid": 1055
    },
    {
        "bookingid": 793
    },
    {
        "bookingid": 390
    },
    {
        "bookingid": 202
    },
    {
        "bookingid": 421
    },
    {
        "bookingid": 409
    },
    {
        "bookingid": 843
    },
    {
        "bookingid": 625
    },
    {
        "bookingid": 967
    },
    {
        "bookingid": 675
    },
    {
        "bookingid": 754
    },
    {
        "bookingid": 72
    },
    {
        "bookingid": 763
    },
    {
        "bookingid": 1151
    },
    {
        "bookingid": 784
    },
    {
        "bookingid": 102
    },
    {
        "bookingid": 604
    },
    {
        "bookingid": 844
    },
    {
        "bookingid": 983
    },
    {
        "bookingid": 1161
    },
    {
        "bookingid": 440
    },
    {
        "bookingid": 221
    },
    {
        "bookingid": 184
    },
    {
        "bookingid": 171
    },
    {
        "bookingid": 1017
    },
    {
        "bookingid": 1012
    },
    {
        "bookingid": 482
    },
    {
        "bookingid": 121
    },
    {
        "bookingid": 732
    },
    {
        "bookingid": 655
    },
    {
        "bookingid": 496
    },
    {
        "bookingid": 495
    },
    {
        "bookingid": 1000
    },
    {
        "bookingid": 873
    },
    {
        "bookingid": 594
    },
    {
        "bookingid": 633
    },
    {
        "bookingid": 660
    },
    {
        "bookingid": 46
    },
    {
        "bookingid": 1010
    },
    {
        "bookingid": 1042
    },
    {
        "bookingid": 458
    },
    {
        "bookingid": 912
    },
    {
        "bookingid": 268
    },
    {
        "bookingid": 891
    },
    {
        "bookingid": 1179
    },
    {
        "bookingid": 375
    },
    {
        "bookingid": 236
    },
    {
        "bookingid": 433
    },
    {
        "bookingid": 84
    },
    {
        "bookingid": 96
    },
    {
        "bookingid": 14
    },
    {
        "bookingid": 829
    },
    {
        "bookingid": 989
    },
    {
        "bookingid": 837
    },
    {
        "bookingid": 374
    },
    {
        "bookingid": 1054
    },
    {
        "bookingid": 1060
    },
    {
        "bookingid": 1026
    },
    {
        "bookingid": 31
    },
    {
        "bookingid": 739
    },
    {
        "bookingid": 30
    },
    {
        "bookingid": 400
    },
    {
        "bookingid": 683
    },
    {
        "bookingid": 1152
    },
    {
        "bookingid": 300
    },
    {
        "bookingid": 1082
    },
    {
        "bookingid": 852
    },
    {
        "bookingid": 49
    },
    {
        "bookingid": 943
    },
    {
        "bookingid": 1025
    },
    {
        "bookingid": 74
    },
    {
        "bookingid": 868
    },
    {
        "bookingid": 601
    },
    {
        "bookingid": 690
    },
    {
        "bookingid": 45
    },
    {
        "bookingid": 986
    },
    {
        "bookingid": 892
    },
    {
        "bookingid": 962
    },
    {
        "bookingid": 929
    },
    {
        "bookingid": 488
    },
    {
        "bookingid": 659
    },
    {
        "bookingid": 767
    },
    {
        "bookingid": 333
    },
    {
        "bookingid": 428
    },
    {
        "bookingid": 948
    },
    {
        "bookingid": 674
    },
    {
        "bookingid": 192
    },
    {
        "bookingid": 914
    },
    {
        "bookingid": 597
    },
    {
        "bookingid": 630
    },
    {
        "bookingid": 209
    },
    {
        "bookingid": 527
    },
    {
        "bookingid": 138
    },
    {
        "bookingid": 507
    },
    {
        "bookingid": 537
    },
    {
        "bookingid": 1168
    },
    {
        "bookingid": 562
    },
    {
        "bookingid": 1127
    },
    {
        "bookingid": 821
    },
    {
        "bookingid": 465
    },
    {
        "bookingid": 504
    },
    {
        "bookingid": 1165
    },
    {
        "bookingid": 709
    },
    {
        "bookingid": 977
    },
    {
        "bookingid": 462
    },
    {
        "bookingid": 223
    },
    {
        "bookingid": 992
    },
    {
        "bookingid": 339
    },
    {
        "bookingid": 386
    },
    {
        "bookingid": 619
    },
    {
        "bookingid": 1107
    },
    {
        "bookingid": 809
    },
    {
        "bookingid": 1034
    },
    {
        "bookingid": 1139
    },
    {
        "bookingid": 896
    },
    {
        "bookingid": 484
    },
    {
        "bookingid": 272
    },
    {
        "bookingid": 444
    },
    {
        "bookingid": 911
    },
    {
        "bookingid": 627
    },
    {
        "bookingid": 77
    },
    {
        "bookingid": 905
    },
    {
        "bookingid": 579
    },
    {
        "bookingid": 190
    },
    {
        "bookingid": 394
    },
    {
        "bookingid": 766
    },
    {
        "bookingid": 349
    },
    {
        "bookingid": 994
    },
    {
        "bookingid": 894
    },
    {
        "bookingid": 819
    },
    {
        "bookingid": 52
    },
    {
        "bookingid": 738
    },
    {
        "bookingid": 252
    },
    {
        "bookingid": 684
    },
    {
        "bookingid": 800
    },
    {
        "bookingid": 1154
    },
    {
        "bookingid": 313
    },
    {
        "bookingid": 1172
    },
    {
        "bookingid": 417
    },
    {
        "bookingid": 285
    },
    {
        "bookingid": 182
    },
    {
        "bookingid": 639
    },
    {
        "bookingid": 132
    },
    {
        "bookingid": 726
    },
    {
        "bookingid": 1006
    },
    {
        "bookingid": 664
    },
    {
        "bookingid": 806
    },
    {
        "bookingid": 832
    },
    {
        "bookingid": 162
    },
    {
        "bookingid": 167
    },
    {
        "bookingid": 919
    },
    {
        "bookingid": 302
    },
    {
        "bookingid": 1013
    },
    {
        "bookingid": 834
    },
    {
        "bookingid": 1049
    },
    {
        "bookingid": 542
    },
    {
        "bookingid": 119
    },
    {
        "bookingid": 299
    },
    {
        "bookingid": 889
    },
    {
        "bookingid": 512
    },
    {
        "bookingid": 1066
    },
    {
        "bookingid": 348
    },
    {
        "bookingid": 1182
    },
    {
        "bookingid": 371
    },
    {
        "bookingid": 98
    },
    {
        "bookingid": 1109
    },
    {
        "bookingid": 636
    },
    {
        "bookingid": 870
    },
    {
        "bookingid": 67
    },
    {
        "bookingid": 670
    },
    {
        "bookingid": 811
    },
    {
        "bookingid": 32
    },
    {
        "bookingid": 553
    },
    {
        "bookingid": 1162
    },
    {
        "bookingid": 647
    },
    {
        "bookingid": 253
    },
    {
        "bookingid": 380
    },
    {
        "bookingid": 577
    },
    {
        "bookingid": 283
    },
    {
        "bookingid": 86
    },
    {
        "bookingid": 730
    },
    {
        "bookingid": 1150
    },
    {
        "bookingid": 1122
    },
    {
        "bookingid": 942
    },
    {
        "bookingid": 882
    },
    {
        "bookingid": 556
    },
    {
        "bookingid": 802
    },
    {
        "bookingid": 796
    },
    {
        "bookingid": 212
    },
    {
        "bookingid": 357
    },
    {
        "bookingid": 865
    },
    {
        "bookingid": 886
    },
    {
        "bookingid": 226
    },
    {
        "bookingid": 1106
    },
    {
        "bookingid": 425
    },
    {
        "bookingid": 525
    },
    {
        "bookingid": 566
    },
    {
        "bookingid": 23
    },
    {
        "bookingid": 1159
    },
    {
        "bookingid": 151
    },
    {
        "bookingid": 159
    },
    {
        "bookingid": 771
    },
    {
        "bookingid": 36
    },
    {
        "bookingid": 1039
    },
    {
        "bookingid": 478
    },
    {
        "bookingid": 443
    },
    {
        "bookingid": 742
    },
    {
        "bookingid": 514
    },
    {
        "bookingid": 661
    },
    {
        "bookingid": 981
    },
    {
        "bookingid": 35
    },
    {
        "bookingid": 1048
    },
    {
        "bookingid": 558
    },
    {
        "bookingid": 490
    },
    {
        "bookingid": 613
    },
    {
        "bookingid": 822
    },
    {
        "bookingid": 220
    },
    {
        "bookingid": 1076
    },
    {
        "bookingid": 787
    },
    {
        "bookingid": 519
    },
    {
        "bookingid": 953
    },
    {
        "bookingid": 505
    },
    {
        "bookingid": 502
    },
    {
        "bookingid": 407
    },
    {
        "bookingid": 1068
    },
    {
        "bookingid": 8
    },
    {
        "bookingid": 12
    },
    {
        "bookingid": 1021
    },
    {
        "bookingid": 528
    },
    {
        "bookingid": 93
    },
    {
        "bookingid": 770
    },
    {
        "bookingid": 956
    },
    {
        "bookingid": 166
    },
    {
        "bookingid": 57
    },
    {
        "bookingid": 938
    },
    {
        "bookingid": 254
    },
    {
        "bookingid": 359
    },
    {
        "bookingid": 39
    },
    {
        "bookingid": 418
    },
    {
        "bookingid": 804
    },
    {
        "bookingid": 970
    },
    {
        "bookingid": 411
    },
    {
        "bookingid": 454
    },
    {
        "bookingid": 722
    },
    {
        "bookingid": 318
    },
    {
        "bookingid": 398
    },
    {
        "bookingid": 289
    },
    {
        "bookingid": 678
    },
    {
        "bookingid": 395
    },
    {
        "bookingid": 869
    },
    {
        "bookingid": 387
    },
    {
        "bookingid": 907
    },
    {
        "bookingid": 649
    },
    {
        "bookingid": 856
    },
    {
        "bookingid": 733
    },
    {
        "bookingid": 358
    },
    {
        "bookingid": 533
    },
    {
        "bookingid": 1063
    },
    {
        "bookingid": 1132
    },
    {
        "bookingid": 198
    },
    {
        "bookingid": 422
    },
    {
        "bookingid": 1092
    },
    {
        "bookingid": 737
    },
    {
        "bookingid": 807
    },
    {
        "bookingid": 113
    },
    {
        "bookingid": 790
    },
    {
        "bookingid": 277
    },
    {
        "bookingid": 1040
    },
    {
        "bookingid": 431
    },
    {
        "bookingid": 21
    },
    {
        "bookingid": 471
    },
    {
        "bookingid": 637
    },
    {
        "bookingid": 731
    },
    {
        "bookingid": 1059
    },
    {
        "bookingid": 494
    },
    {
        "bookingid": 362
    },
    {
        "bookingid": 815
    },
    {
        "bookingid": 823
    },
    {
        "bookingid": 776
    },
    {
        "bookingid": 137
    },
    {
        "bookingid": 60
    },
    {
        "bookingid": 851
    },
    {
        "bookingid": 1030
    },
    {
        "bookingid": 691
    },
    {
        "bookingid": 689
    },
    {
        "bookingid": 491
    },
    {
        "bookingid": 724
    },
    {
        "bookingid": 653
    },
    {
        "bookingid": 846
    },
    {
        "bookingid": 1095
    },
    {
        "bookingid": 607
    },
    {
        "bookingid": 847
    },
    {
        "bookingid": 608
    },
    {
        "bookingid": 706
    },
    {
        "bookingid": 477
    },
    {
        "bookingid": 201
    },
    {
        "bookingid": 361
    },
    {
        "bookingid": 244
    },
    {
        "bookingid": 368
    },
    {
        "bookingid": 987
    },
    {
        "bookingid": 314
    },
    {
        "bookingid": 920
    },
    {
        "bookingid": 55
    },
    {
        "bookingid": 751
    },
    {
        "bookingid": 217
    },
    {
        "bookingid": 429
    },
    {
        "bookingid": 702
    },
    {
        "bookingid": 745
    },
    {
        "bookingid": 1096
    },
    {
        "bookingid": 988
    },
    {
        "bookingid": 1141
    },
    {
        "bookingid": 456
    },
    {
        "bookingid": 576
    },
    {
        "bookingid": 961
    },
    {
        "bookingid": 1091
    },
    {
        "bookingid": 936
    },
    {
        "bookingid": 1033
    },
    {
        "bookingid": 215
    },
    {
        "bookingid": 682
    },
    {
        "bookingid": 298
    },
    {
        "bookingid": 1126
    },
    {
        "bookingid": 1125
    },
    {
        "bookingid": 611
    },
    {
        "bookingid": 461
    },
    {
        "bookingid": 866
    },
    {
        "bookingid": 133
    },
    {
        "bookingid": 596
    },
    {
        "bookingid": 1118
    },
    {
        "bookingid": 946
    },
    {
        "bookingid": 1056
    },
    {
        "bookingid": 25
    },
    {
        "bookingid": 329
    },
    {
        "bookingid": 511
    },
    {
        "bookingid": 717
    },
    {
        "bookingid": 306
    },
    {
        "bookingid": 591
    },
    {
        "bookingid": 509
    },
    {
        "bookingid": 145
    },
    {
        "bookingid": 609
    },
    {
        "bookingid": 1129
    },
    {
        "bookingid": 758
    },
    {
        "bookingid": 2
    },
    {
        "bookingid": 331
    },
    {
        "bookingid": 48
    },
    {
        "bookingid": 536
    },
    {
        "bookingid": 416
    },
    {
        "bookingid": 256
    },
    {
        "bookingid": 1045
    },
    {
        "bookingid": 1044
    },
    {
        "bookingid": 291
    },
    {
        "bookingid": 178
    },
    {
        "bookingid": 1027
    },
    {
        "bookingid": 582
    },
    {
        "bookingid": 903
    },
    {
        "bookingid": 698
    },
    {
        "bookingid": 259
    },
    {
        "bookingid": 1178
    },
    {
        "bookingid": 964
    },
    {
        "bookingid": 648
    },
    {
        "bookingid": 864
    },
    {
        "bookingid": 114
    },
    {
        "bookingid": 89
    },
    {
        "bookingid": 476
    },
    {
        "bookingid": 249
    },
    {
        "bookingid": 87
    },
    {
        "bookingid": 622
    },
    {
        "bookingid": 63
    },
    {
        "bookingid": 795
    },
    {
        "bookingid": 971
    },
    {
        "bookingid": 218
    },
    {
        "bookingid": 1061
    },
    {
        "bookingid": 54
    },
    {
        "bookingid": 557
    },
    {
        "bookingid": 101
    },
    {
        "bookingid": 150
    },
    {
        "bookingid": 624
    },
    {
        "bookingid": 379
    },
    {
        "bookingid": 824
    },
    {
        "bookingid": 898
    },
    {
        "bookingid": 1058
    },
    {
        "bookingid": 377
    },
    {
        "bookingid": 590
    },
    {
        "bookingid": 1087
    },
    {
        "bookingid": 646
    },
    {
        "bookingid": 309
    },
    {
        "bookingid": 99
    },
    {
        "bookingid": 276
    },
    {
        "bookingid": 261
    },
    {
        "bookingid": 845
    },
    {
        "bookingid": 163
    },
    {
        "bookingid": 280
    },
    {
        "bookingid": 628
    },
    {
        "bookingid": 707
    },
    {
        "bookingid": 616
    },
    {
        "bookingid": 1002
    },
    {
        "bookingid": 835
    },
    {
        "bookingid": 878
    },
    {
        "bookingid": 463
    },
    {
        "bookingid": 695
    },
    {
        "bookingid": 1103
    },
    {
        "bookingid": 752
    }
]
]]></system-out>
  </testcase>
  <testcase name="Verify user can update existing booking" classname="Validate create booking end point" time="4.006">
    <system-out><![CDATA[Request method:	POST
Request URI:	https://restful-booker.herokuapp.com/booking
Proxy:			<none>
Request params:	<none>
Query params:	<none>
Form params:	<none>
Path params:	<none>
Headers:		Accept=*/*
				Content-Type=application/json
Cookies:		<none>
Multiparts:		<none>
Body:
{
    "firstname": "demo",
    "lastname": "testing",
    "totalprice": 600,
    "depositpaid": true,
    "bookingdates": {
        "checkin": "2018-01-01",
        "checkout": "2019-01-01"
    },
    "additionalneeds": "Brunch"
}
HTTP/1.1 200 OK
Server: Cowboy
Report-To: {"group":"heroku-nel","max_age":3600,"endpoints":[{"url":"https://nel.heroku.com/reports?ts=1722511430&sid=c46efe9b-d3d2-4a0c-8c76-bfafa16c5add&s=xMbWdRbXLKWO3I%2BSRNqgXovTcYtAR1rLA8Lxi2icd84%3D"}]}
Reporting-Endpoints: heroku-nel=https://nel.heroku.com/reports?ts=1722511430&sid=c46efe9b-d3d2-4a0c-8c76-bfafa16c5add&s=xMbWdRbXLKWO3I%2BSRNqgXovTcYtAR1rLA8Lxi2icd84%3D
Nel: {"report_to":"heroku-nel","max_age":3600,"success_fraction":0.005,"failure_fraction":0.05,"response_headers":["Via"]}
Connection: keep-alive
X-Powered-By: Express
Content-Type: application/json; charset=utf-8
Content-Length: 197
Etag: W/"c5-W+YcIFlldLY7AKmTc/GSmdzhuRc"
Date: Thu, 01 Aug 2024 11:23:50 GMT
Via: 1.1 vegur

{
    "bookingid": 1199,
    "booking": {
        "firstname": "demo",
        "lastname": "testing",
        "totalprice": 600,
        "depositpaid": true,
        "bookingdates": {
            "checkin": "2018-01-01",
            "checkout": "2019-01-01"
        },
        "additionalneeds": "Brunch"
    }
}
Request method:	POST
Request URI:	https://restful-booker.herokuapp.com/auth
Proxy:			<none>
Request params:	<none>
Query params:	<none>
Form params:	<none>
Path params:	<none>
Headers:		Accept=*/*
				Content-Type=application/json
Cookies:		<none>
Multiparts:		<none>
Body:
{
    "username": "admin",
    "password": "password123"
}
HTTP/1.1 200 OK
Server: Cowboy
Report-To: {"group":"heroku-nel","max_age":3600,"endpoints":[{"url":"https://nel.heroku.com/reports?ts=1722511431&sid=c46efe9b-d3d2-4a0c-8c76-bfafa16c5add&s=Cs3L%2BOJKuxRNnmbyyGlO5DbvRg2%2FCuuuozF%2BY6%2Fe7Ns%3D"}]}
Reporting-Endpoints: heroku-nel=https://nel.heroku.com/reports?ts=1722511431&sid=c46efe9b-d3d2-4a0c-8c76-bfafa16c5add&s=Cs3L%2BOJKuxRNnmbyyGlO5DbvRg2%2FCuuuozF%2BY6%2Fe7Ns%3D
Nel: {"report_to":"heroku-nel","max_age":3600,"success_fraction":0.005,"failure_fraction":0.05,"response_headers":["Via"]}
Connection: keep-alive
X-Powered-By: Express
Content-Type: application/json; charset=utf-8
Content-Length: 27
Etag: W/"1b-YWCdS+179O5kW9Wb8IGR+es337c"
Date: Thu, 01 Aug 2024 11:23:51 GMT
Via: 1.1 vegur

{
    "token": "f8e08ef54e85c31"
}
Request method:	PUT
Request URI:	https://restful-booker.herokuapp.com/booking/1199
Proxy:			<none>
Request params:	<none>
Query params:	<none>
Form params:	<none>
Path params:	<none>
Headers:		Accept=*/*
				Cookie=token=f8e08ef54e85c31
				Content-Type=application/json
Cookies:		<none>
Multiparts:		<none>
Body:
{
    "firstname": "Updated",
    "lastname": "Automation",
    "totalprice": 150,
    "depositpaid": true,
    "bookingdates": {
        "checkin": "2018-01-01",
        "checkout": "2019-01-01"
    },
    "additionalneeds": "Brunch"
}
HTTP/1.1 200 OK
Server: Cowboy
Report-To: {"group":"heroku-nel","max_age":3600,"endpoints":[{"url":"https://nel.heroku.com/reports?ts=1722511432&sid=c46efe9b-d3d2-4a0c-8c76-bfafa16c5add&s=th8sp2Kr6k%2FYVNxEycjVy0FwnxttMUlxCfFz4%2FK6G9g%3D"}]}
Reporting-Endpoints: heroku-nel=https://nel.heroku.com/reports?ts=1722511432&sid=c46efe9b-d3d2-4a0c-8c76-bfafa16c5add&s=th8sp2Kr6k%2FYVNxEycjVy0FwnxttMUlxCfFz4%2FK6G9g%3D
Nel: {"report_to":"heroku-nel","max_age":3600,"success_fraction":0.005,"failure_fraction":0.05,"response_headers":["Via"]}
Connection: keep-alive
X-Powered-By: Express
Content-Type: application/json; charset=utf-8
Content-Length: 174
Etag: W/"ae-NPAO1CmF/OnxKQMBuFVKgTbGcVU"
Date: Thu, 01 Aug 2024 11:23:52 GMT
Via: 1.1 vegur

{
    "firstname": "Updated",
    "lastname": "Automation",
    "totalprice": 150,
    "depositpaid": true,
    "bookingdates": {
        "checkin": "2018-01-01",
        "checkout": "2019-01-01"
    },
    "additionalneeds": "Brunch"
}
]]></system-out>
  </testcase>
  <testcase name="Verify user can update existing booking using random" classname="Validate create booking end point" time="3.768">
    <system-out><![CDATA[Request method:	POST
Request URI:	https://restful-booker.herokuapp.com/booking
Proxy:			<none>
Request params:	<none>
Query params:	<none>
Form params:	<none>
Path params:	<none>
Headers:		Accept=*/*
				Cookie=token=f8e08ef54e85c31
				Content-Type=application/json
Cookies:		<none>
Multiparts:		<none>
Body:
{
    "firstname": "demo",
    "lastname": "testing",
    "totalprice": 600,
    "depositpaid": true,
    "bookingdates": {
        "checkin": "2018-01-01",
        "checkout": "2019-01-01"
    },
    "additionalneeds": "Brunch"
}
HTTP/1.1 200 OK
Server: Cowboy
Report-To: {"group":"heroku-nel","max_age":3600,"endpoints":[{"url":"https://nel.heroku.com/reports?ts=1722511434&sid=c46efe9b-d3d2-4a0c-8c76-bfafa16c5add&s=mLjEN4yeOSTQyGcwG0evMn%2BLIdCHouTLSlXD5XLchvc%3D"}]}
Reporting-Endpoints: heroku-nel=https://nel.heroku.com/reports?ts=1722511434&sid=c46efe9b-d3d2-4a0c-8c76-bfafa16c5add&s=mLjEN4yeOSTQyGcwG0evMn%2BLIdCHouTLSlXD5XLchvc%3D
Nel: {"report_to":"heroku-nel","max_age":3600,"success_fraction":0.005,"failure_fraction":0.05,"response_headers":["Via"]}
Connection: keep-alive
X-Powered-By: Express
Content-Type: application/json; charset=utf-8
Content-Length: 197
Etag: W/"c5-WJoHkhAXugnSiqFuAEE7Bi0fh0U"
Date: Thu, 01 Aug 2024 11:23:54 GMT
Via: 1.1 vegur

{
    "bookingid": 1230,
    "booking": {
        "firstname": "demo",
        "lastname": "testing",
        "totalprice": 600,
        "depositpaid": true,
        "bookingdates": {
            "checkin": "2018-01-01",
            "checkout": "2019-01-01"
        },
        "additionalneeds": "Brunch"
    }
}
Request method:	POST
Request URI:	https://restful-booker.herokuapp.com/auth
Proxy:			<none>
Request params:	<none>
Query params:	<none>
Form params:	<none>
Path params:	<none>
Headers:		Accept=*/*
				Cookie=token=f8e08ef54e85c31
				Content-Type=application/json
Cookies:		<none>
Multiparts:		<none>
Body:
{
    "username": "admin",
    "password": "password123"
}
HTTP/1.1 200 OK
Server: Cowboy
Report-To: {"group":"heroku-nel","max_age":3600,"endpoints":[{"url":"https://nel.heroku.com/reports?ts=1722511435&sid=c46efe9b-d3d2-4a0c-8c76-bfafa16c5add&s=BJmFfykRjmgKs%2FEEYVHO4O%2Bnidb%2F0wklNQXlMHU7obY%3D"}]}
Reporting-Endpoints: heroku-nel=https://nel.heroku.com/reports?ts=1722511435&sid=c46efe9b-d3d2-4a0c-8c76-bfafa16c5add&s=BJmFfykRjmgKs%2FEEYVHO4O%2Bnidb%2F0wklNQXlMHU7obY%3D
Nel: {"report_to":"heroku-nel","max_age":3600,"success_fraction":0.005,"failure_fraction":0.05,"response_headers":["Via"]}
Connection: keep-alive
X-Powered-By: Express
Content-Type: application/json; charset=utf-8
Content-Length: 27
Etag: W/"1b-dx7UhZev95YwOY+bWd1UN40+9RQ"
Date: Thu, 01 Aug 2024 11:23:55 GMT
Via: 1.1 vegur

{
    "token": "26eb3d689837bbd"
}
Request method:	PUT
Request URI:	https://restful-booker.herokuapp.com/booking/1230
Proxy:			<none>
Request params:	<none>
Query params:	<none>
Form params:	<none>
Path params:	<none>
Headers:		Accept=*/*
				Cookie=token=f8e08ef54e85c31
				Cookie=token=26eb3d689837bbd
				Content-Type=application/json
Cookies:		<none>
Multiparts:		<none>
Body:
{
    "firstname": "demo",
    "lastname": "testing",
    "totalprice": 819,
    "depositpaid": true,
    "bookingdates": {
        "checkin": "2018-01-01",
        "checkout": "2019-01-01"
    },
    "additionalneeds": "Brunch"
}
HTTP/1.1 200 OK
Server: Cowboy
Report-To: {"group":"heroku-nel","max_age":3600,"endpoints":[{"url":"https://nel.heroku.com/reports?ts=1722511436&sid=c46efe9b-d3d2-4a0c-8c76-bfafa16c5add&s=FKwTqtwV6r2IXa2VG9LxNeGFaF9w2evp4Wr%2FKUgYLJo%3D"}]}
Reporting-Endpoints: heroku-nel=https://nel.heroku.com/reports?ts=1722511436&sid=c46efe9b-d3d2-4a0c-8c76-bfafa16c5add&s=FKwTqtwV6r2IXa2VG9LxNeGFaF9w2evp4Wr%2FKUgYLJo%3D
Nel: {"report_to":"heroku-nel","max_age":3600,"success_fraction":0.005,"failure_fraction":0.05,"response_headers":["Via"]}
Connection: keep-alive
X-Powered-By: Express
Content-Type: application/json; charset=utf-8
Content-Length: 168
Etag: W/"a8-7dlCFGuzY8Aw8S9kS65PBV4ZCys"
Date: Thu, 01 Aug 2024 11:23:56 GMT
Via: 1.1 vegur

{
    "firstname": "demo",
    "lastname": "testing",
    "totalprice": 819,
    "depositpaid": true,
    "bookingdates": {
        "checkin": "2018-01-01",
        "checkout": "2019-01-01"
    },
    "additionalneeds": "Brunch"
}
]]></system-out>
  </testcase>
</testsuite>